<?xml version="1.0" encoding="UTF-8"?>
<!-- Generated by org.testng.reporters.JUnitReportReporter -->
<testsuite hostname="LAPTOP-EEAS1CV9" failures="0" tests="1" name="com.NaukriTestScript.LoginTest" time="2.575" errors="0" timestamp="2023-06-15T17:01:45 IST" skipped="0">
  <testcase classname="com.NaukriTestScript.LoginTest" name="login" time="2.575"/>
  <system-out/>
</testsuite> <!-- com.NaukriTestScript.LoginTest -->
