<?xml version="1.0" encoding="UTF-8"?>
<!-- Generated by org.testng.reporters.JUnitReportReporter -->
<testsuite hostname="LAPTOP-EEAS1CV9" failures="0" tests="1" name="com.NaukriTestScript.RegisterTest" time="4.682" errors="0" timestamp="2023-06-15T17:06:18 IST" skipped="0">
  <testcase classname="com.NaukriTestScript.RegisterTest" name="register" time="4.682"/>
  <system-out/>
</testsuite> <!-- com.NaukriTestScript.RegisterTest -->
