<?xml version="1.0" encoding="UTF-8"?>
<!-- Generated by org.testng.reporters.JUnitReportReporter -->
<testsuite hostname="LAPTOP-EEAS1CV9" failures="0" tests="1" name="com.NaukriTestScript.ApplyJobTest" time="9.072" errors="0" timestamp="2023-06-15T17:28:44 IST" skipped="0">
  <testcase classname="com.NaukriTestScript.ApplyJobTest" name="login" time="9.072"/>
  <system-out/>
</testsuite> <!-- com.NaukriTestScript.ApplyJobTest -->
